 
****************************************
Report : area
Design : Segway
Version: X-2025.06
Date   : Sat Dec  6 18:40:06 2025
****************************************

Library(s) Used:

    saed32rvt_tt0p85v25c (File: /cae/apps/data/saed32_edk-2022/lib/stdcell_rvt/db_nldm/saed32rvt_tt0p85v25c.db)

Number of ports:                           20
Number of nets:                          2824
Number of cells:                         2376
Number of combinational cells:           1846
Number of sequential cells:               529
Number of macros/black boxes:               0
Number of buf/inv:                        267
Number of references:                      56

Combinational area:               4753.509368
Buf/Inv area:                      358.851329
Noncombinational area:            3719.143370
Macro/Black Box area:                0.000000
Net Interconnect area:            1843.288266

Total cell area:                  8472.652738
Total area:                      10315.941004
1
