 
****************************************
Report : area
Design : Segway
Version: X-2025.06
Date   : Sun Dec  7 14:15:34 2025
****************************************

Library(s) Used:

    saed32rvt_tt0p85v25c (File: /cae/apps/data/saed32_edk-2022/lib/stdcell_rvt/db_nldm/saed32rvt_tt0p85v25c.db)

Number of ports:                           20
Number of nets:                          3575
Number of cells:                         2965
Number of combinational cells:           2315
Number of sequential cells:               648
Number of macros/black boxes:               0
Number of buf/inv:                        260
Number of references:                      62

Combinational area:               6211.025207
Buf/Inv area:                      356.564032
Noncombinational area:            4565.442904
Macro/Black Box area:                0.000000
Net Interconnect area:            2251.489875

Total cell area:                 10776.468112
Total area:                      13027.957987
1
