 
****************************************
Report : area
Design : Segway
Version: X-2025.06
Date   : Sun Dec  7 11:31:04 2025
****************************************

Library(s) Used:

    saed32rvt_tt0p85v25c (File: /cae/apps/data/saed32_edk-2022/lib/stdcell_rvt/db_nldm/saed32rvt_tt0p85v25c.db)

Number of ports:                           20
Number of nets:                          3519
Number of cells:                         2970
Number of combinational cells:           2388
Number of sequential cells:               580
Number of macros/black boxes:               0
Number of buf/inv:                        300
Number of references:                      58

Combinational area:               6343.688374
Buf/Inv area:                      403.580672
Noncombinational area:            4082.569296
Macro/Black Box area:                0.000000
Net Interconnect area:            2160.529772

Total cell area:                 10426.257670
Total area:                      12586.787441
1
