 
****************************************
Report : timing
        -path full
        -delay max
        -max_paths 1
Design : Segway
Version: X-2025.06
Date   : Sun Dec  7 14:15:34 2025
****************************************

Operating Conditions: tt0p85v25c   Library: saed32rvt_tt0p85v25c
Wire Load Model Mode: enclosed

  Startpoint: ptch_pipelined_reg[11]
              (rising edge-triggered flip-flop clocked by clk)
  Endpoint: iBAL/pid/integrator_reg[0]
            (rising edge-triggered flip-flop clocked by clk)
  Path Group: clk
  Path Type: max

  Des/Clust/Port     Wire Load Model       Library
  ------------------------------------------------
  Segway             16000                 saed32rvt_tt0p85v25c

  Point                                                   Incr       Path
  --------------------------------------------------------------------------
  clock clk (rise edge)                                   0.00       0.00
  clock network delay (ideal)                             0.00       0.00
  ptch_pipelined_reg[11]/CLK (DFFARX1_RVT)                0.00       0.00 r
  ptch_pipelined_reg[11]/QN (DFFARX1_RVT)                 0.10       0.10 f
  U2712/Y (NOR3X0_RVT)                                    0.12       0.21 r
  U1876/Y (NAND4X0_RVT)                                   0.05       0.27 f
  U2713/Y (NAND2X2_RVT)                                   0.11       0.38 r
  U1872/Y (AO21X1_RVT)                                    0.10       0.48 r
  U1841/Y (AND2X1_RVT)                                    0.07       0.55 r
  iBAL/pid/add_22/U1_1/CO (FADDX1_RVT)                    0.11       0.66 r
  iBAL/pid/add_22/U1_2/CO (FADDX1_RVT)                    0.12       0.78 r
  iBAL/pid/add_22/U1_3/CO (FADDX1_RVT)                    0.12       0.89 r
  iBAL/pid/add_22/U1_4/CO (FADDX1_RVT)                    0.12       1.01 r
  iBAL/pid/add_22/U1_5/CO (FADDX1_RVT)                    0.12       1.13 r
  iBAL/pid/add_22/U1_6/CO (FADDX1_RVT)                    0.12       1.24 r
  iBAL/pid/add_22/U1_7/CO (FADDX1_RVT)                    0.12       1.36 r
  iBAL/pid/add_22/U1_8/CO (FADDX1_RVT)                    0.12       1.48 r
  iBAL/pid/add_22/U1_9/CO (FADDX1_RVT)                    0.12       1.59 r
  iBAL/pid/add_22/U1_10/CO (FADDX1_RVT)                   0.12       1.71 r
  iBAL/pid/add_22/U1_11/CO (FADDX1_RVT)                   0.12       1.82 r
  iBAL/pid/add_22/U1_12/CO (FADDX1_RVT)                   0.12       1.94 r
  iBAL/pid/add_22/U1_13/CO (FADDX1_RVT)                   0.12       2.06 r
  iBAL/pid/add_22/U1_14/CO (FADDX1_RVT)                   0.12       2.17 r
  iBAL/pid/add_22/U1_15/CO (FADDX1_RVT)                   0.12       2.29 r
  iBAL/pid/add_22/U1_16/CO (FADDX1_RVT)                   0.11       2.40 r
  U2721/Y (XOR3X2_RVT)                                    0.09       2.49 f
  U1806/Y (NAND3X0_RVT)                                   0.06       2.55 r
  U1805/Y (NAND4X0_RVT)                                   0.08       2.64 f
  U2727/Y (IBUFFX4_RVT)                                   0.11       2.75 r
  U1786/Y (AO21X1_RVT)                                    0.10       2.85 r
  U1784/Y (AO22X1_RVT)                                    0.08       2.93 r
  iBAL/pid/integrator_reg[0]/D (DFFARX1_RVT)              0.01       2.94 r
  data arrival time                                                  2.94

  clock clk (rise edge)                                   3.00       3.00
  clock network delay (ideal)                             0.00       3.00
  iBAL/pid/integrator_reg[0]/CLK (DFFARX1_RVT)            0.00       3.00 r
  library setup time                                     -0.06       2.94
  data required time                                                 2.94
  --------------------------------------------------------------------------
  data required time                                                 2.94
  data arrival time                                                 -2.94
  --------------------------------------------------------------------------
  slack (MET)                                                        0.00


1
