 
****************************************
Report : timing
        -path full
        -delay max
        -max_paths 1
Design : Segway
Version: X-2025.06
Date   : Sun Dec  7 08:23:35 2025
****************************************

Operating Conditions: tt0p85v25c   Library: saed32rvt_tt0p85v25c
Wire Load Model Mode: enclosed

  Startpoint: iNEMO/iINT/ptch_int_reg[0]
              (rising edge-triggered flip-flop clocked by clk)
  Endpoint: iNEMO/iINT/ptch_int_reg[26]
            (rising edge-triggered flip-flop clocked by clk)
  Path Group: clk
  Path Type: max

  Des/Clust/Port     Wire Load Model       Library
  ------------------------------------------------
  Segway             16000                 saed32rvt_tt0p85v25c

  Point                                                   Incr       Path
  --------------------------------------------------------------------------
  clock clk (rise edge)                                   0.00       0.00
  clock network delay (ideal)                             0.00       0.00
  iNEMO/iINT/ptch_int_reg[0]/CLK (DFFARX1_RVT)            0.00       0.00 r
  iNEMO/iINT/ptch_int_reg[0]/QN (DFFARX1_RVT)             0.09       0.09 f
  U859/Y (NAND2X0_RVT)                                    0.06       0.15 r
  U2039/Y (NAND2X0_RVT)                                   0.05       0.20 f
  U2037/Y (NAND3X0_RVT)                                   0.05       0.25 r
  U2033/Y (AO21X1_RVT)                                    0.08       0.34 r
  U2032/Y (NAND2X0_RVT)                                   0.04       0.38 f
  U2025/Y (NAND2X0_RVT)                                   0.06       0.44 r
  iNEMO/iINT/sub_1_root_sub_0_root_add_55/U2_5/CO (FADDX1_RVT)
                                                          0.12       0.56 r
  iNEMO/iINT/sub_1_root_sub_0_root_add_55/U2_6/CO (FADDX1_RVT)
                                                          0.12       0.67 r
  U2063/Y (AO21X1_RVT)                                    0.08       0.76 r
  U2062/Y (NAND2X0_RVT)                                   0.04       0.80 f
  U2058/Y (NAND2X0_RVT)                                   0.06       0.86 r
  U2055/Y (AO22X1_RVT)                                    0.08       0.94 r
  U2047/Y (AO22X1_RVT)                                    0.08       1.02 r
  U2045/Y (AO22X1_RVT)                                    0.08       1.10 r
  U2050/Y (NAND2X0_RVT)                                   0.05       1.15 f
  U2089/Y (NAND3X0_RVT)                                   0.06       1.20 r
  iNEMO/iINT/sub_1_root_sub_0_root_add_55/U2_14/CO (FADDX1_RVT)
                                                          0.12       1.32 r
  iNEMO/iINT/sub_1_root_sub_0_root_add_55/U2_15/CO (FADDX1_RVT)
                                                          0.12       1.44 r
  U2083/Y (NAND2X0_RVT)                                   0.05       1.48 f
  U2081/Y (NAND3X0_RVT)                                   0.06       1.55 r
  iNEMO/iINT/sub_1_root_sub_0_root_add_55/U2_17/CO (FADDX1_RVT)
                                                          0.12       1.66 r
  iNEMO/iINT/sub_1_root_sub_0_root_add_55/U2_18/CO (FADDX1_RVT)
                                                          0.12       1.78 r
  iNEMO/iINT/sub_1_root_sub_0_root_add_55/U2_19/CO (FADDX1_RVT)
                                                          0.12       1.90 r
  iNEMO/iINT/sub_1_root_sub_0_root_add_55/U2_20/CO (FADDX1_RVT)
                                                          0.12       2.01 r
  iNEMO/iINT/sub_1_root_sub_0_root_add_55/U2_21/CO (FADDX1_RVT)
                                                          0.12       2.13 r
  iNEMO/iINT/sub_1_root_sub_0_root_add_55/U2_22/CO (FADDX1_RVT)
                                                          0.12       2.25 r
  iNEMO/iINT/sub_1_root_sub_0_root_add_55/U2_23/CO (FADDX1_RVT)
                                                          0.12       2.36 r
  iNEMO/iINT/sub_1_root_sub_0_root_add_55/U2_24/CO (FADDX1_RVT)
                                                          0.12       2.48 r
  U2023/Y (XOR3X2_RVT)                                    0.09       2.58 f
  U2105/Y (AO21X1_RVT)                                    0.09       2.67 f
  U2104/Y (NAND2X0_RVT)                                   0.04       2.71 r
  U2102/Y (OA221X1_RVT)                                   0.09       2.80 r
  U2095/Y (XOR3X2_RVT)                                    0.08       2.88 f
  U803/Y (AO22X1_RVT)                                     0.07       2.95 f
  iNEMO/iINT/ptch_int_reg[26]/D (DFFARX1_RVT)             0.01       2.96 f
  data arrival time                                                  2.96

  clock clk (rise edge)                                   3.00       3.00
  clock network delay (ideal)                             0.00       3.00
  iNEMO/iINT/ptch_int_reg[26]/CLK (DFFARX1_RVT)           0.00       3.00 r
  library setup time                                     -0.06       2.94
  data required time                                                 2.94
  --------------------------------------------------------------------------
  data required time                                                 2.94
  data arrival time                                                 -2.96
  --------------------------------------------------------------------------
  slack (VIOLATED)                                                  -0.02


1
