Warning: Design 'Segway' has '1' unresolved references. For more detailed information, use the "link" command. (UID-341)
Information: Updating design information... (UID-85)
 
****************************************
Report : timing
        -path full
        -delay min
        -max_paths 1
Design : Segway
Version: X-2025.06
Date   : Fri Dec  5 20:56:45 2025
****************************************

Operating Conditions: tt0p85v25c   Library: saed32rvt_tt0p85v25c
Wire Load Model Mode: enclosed

  Startpoint: iBUZZ/repeat_timer_reg[7]
              (rising edge-triggered flip-flop clocked by clk)
  Endpoint: iBUZZ/repeat_timer_reg[7]
            (rising edge-triggered flip-flop clocked by clk)
  Path Group: clk
  Path Type: min

  Des/Clust/Port     Wire Load Model       Library
  ------------------------------------------------
  Segway             16000                 saed32rvt_tt0p85v25c

  Point                                                   Incr       Path
  --------------------------------------------------------------------------
  clock clk (rise edge)                                   0.00       0.00
  clock network delay (ideal)                             0.00       0.00
  iBUZZ/repeat_timer_reg[7]/CLK (DFFARX1_RVT)             0.00       0.00 r
  iBUZZ/repeat_timer_reg[7]/QN (DFFARX1_RVT)              0.10       0.10 r
  iBUZZ/U73/Y (NAND2X0_RVT)                               0.03       0.13 f
  iBUZZ/repeat_timer_reg[7]/D (DFFARX1_RVT)               0.01       0.14 f
  data arrival time                                                  0.14

  clock clk (rise edge)                                   0.00       0.00
  clock network delay (ideal)                             0.00       0.00
  iBUZZ/repeat_timer_reg[7]/CLK (DFFARX1_RVT)             0.00       0.00 r
  library hold time                                      -0.02      -0.02
  data required time                                                -0.02
  --------------------------------------------------------------------------
  data required time                                                -0.02
  data arrival time                                                 -0.14
  --------------------------------------------------------------------------
  slack (MET)                                                        0.16


1
