Warning: Design 'Segway' has '1' unresolved references. For more detailed information, use the "link" command. (UID-341)
 
****************************************
Report : area
Design : Segway
Version: X-2025.06
Date   : Fri Dec  5 20:56:45 2025
****************************************

Library(s) Used:

    saed32rvt_tt0p85v25c (File: /cae/apps/data/saed32_edk-2022/lib/stdcell_rvt/db_nldm/saed32rvt_tt0p85v25c.db)

Number of ports:                           20
Number of nets:                          3732
Number of cells:                         3373
Number of combinational cells:           2918
Number of sequential cells:               452
Number of macros/black boxes:               0
Number of buf/inv:                        574
Number of references:                      79

Combinational area:               7058.341341
Buf/Inv area:                      816.564677
Noncombinational area:            3166.634304
Macro/Black Box area:                0.000000
Net Interconnect area:            2067.714387

Total cell area:                 10224.975644
Total area:                      12292.690031

Information: This design contains black box (unknown) components. (RPT-8)
1
